<?xml version="1.0" encoding="UTF-8"?>
<testsuite xmlns:xsi="http://www.w3.org/2001/XMLSchema-instance" xsi:noNamespaceSchemaLocation="https://maven.apache.org/surefire/maven-surefire-plugin/xsd/surefire-test-report-3.0.xsd" version="3.0" name="com.it_academy.calculator.CalculatorSimpleValuesTest" time="3.189" tests="22" errors="0" skipped="0" failures="0">
  <properties>
[...]
</properties>
  <testcase name="testAddDivideSimpleValues(double, double, String)[1]" classname="com.it_academy.calculator.CalculatorSimpleValuesTest" time="1.087"/>
  <testcase name="testAddDivideSimpleValues(double, double, String)[2]" classname="com.it_academy.calculator.CalculatorSimpleValuesTest" time="1.087"/>
  <testcase name="testSubtractSimpleValues(double, double, String)[1]" classname="com.it_academy.calculator.CalculatorSimpleValuesTest" time="1.087"/>
  <testcase name="testForInfiniteValueOrNanValue(double, String)[2]" classname="com.it_academy.calculator.CalculatorSimpleValuesTest" time="1.086"/>
  <testcase name="testAddSimpleValues(double, double, String)[4]" classname="com.it_academy.calculator.CalculatorSimpleValuesTest" time="1.087"/>
  <testcase name="testMultiplySimpleValues(double, double, String)[3]" classname="com.it_academy.calculator.CalculatorSimpleValuesTest" time="1.085"/>
  <testcase name="testForInfiniteValueOrNanValue(double, String)[1]" classname="com.it_academy.calculator.CalculatorSimpleValuesTest" time="1.085"/>
  <testcase name="testSimpleValuesAllTypesOfOperation(double, double, char, String)[1]" classname="com.it_academy.calculator.CalculatorSimpleValuesTest" time="1.084"/>
  <testcase name="testAddSimpleValues(double, double, String)[3]" classname="com.it_academy.calculator.CalculatorSimpleValuesTest" time="1.003"/>
  <testcase name="testForInfiniteValueOrNanValue(double, String)[3]" classname="com.it_academy.calculator.CalculatorSimpleValuesTest" time="1.003"/>
  <testcase name="testSubtractSimpleValues(double, double, String)[2]" classname="com.it_academy.calculator.CalculatorSimpleValuesTest" time="1.005"/>
  <testcase name="testMultiplySimpleValues(double, double, String)[2]" classname="com.it_academy.calculator.CalculatorSimpleValuesTest" time="1.003"/>
  <testcase name="testAddDivideSimpleValues(double, double, String)[3]" classname="com.it_academy.calculator.CalculatorSimpleValuesTest" time="1.007"/>
  <testcase name="testSimpleValuesAllTypesOfOperation(double, double, char, String)[3]" classname="com.it_academy.calculator.CalculatorSimpleValuesTest" time="1.008"/>
  <testcase name="testMultiplySimpleValues(double, double, String)[1]" classname="com.it_academy.calculator.CalculatorSimpleValuesTest" time="1.005"/>
  <testcase name="testMultiplySimpleValues(double, double, String)[4]" classname="com.it_academy.calculator.CalculatorSimpleValuesTest" time="1.003"/>
  <testcase name="testAddSimpleValues(double, double, String)[2]" classname="com.it_academy.calculator.CalculatorSimpleValuesTest" time="1.004"/>
  <testcase name="testSimpleValuesAllTypesOfOperation(double, double, char, String)[2]" classname="com.it_academy.calculator.CalculatorSimpleValuesTest" time="1.004"/>
  <testcase name="testAddSimpleValues(double, double, String)[1]" classname="com.it_academy.calculator.CalculatorSimpleValuesTest" time="1.003"/>
  <testcase name="testSubtractSimpleValues(double, double, String)[3]" classname="com.it_academy.calculator.CalculatorSimpleValuesTest" time="1.004"/>
  <testcase name="testSubtractSimpleValues(double, double, String)[4]" classname="com.it_academy.calculator.CalculatorSimpleValuesTest" time="1.003"/>
  <testcase name="testSimpleValuesAllTypesOfOperation(double, double, char, String)[4]" classname="com.it_academy.calculator.CalculatorSimpleValuesTest" time="1.004"/>
</testsuite>